{
  "stats": {
    "suites": 6,
    "tests": 39,
    "passes": 34,
    "pending": 0,
    "failures": 5,
    "testsRegistered": 39,
    "passPercent": 87.17948717948718,
    "pendingPercent": 0,
    "other": 0,
    "hasOther": false,
    "skipped": 0,
    "hasSkipped": false,
    "start": "2025-09-16T06:15:23.037Z",
    "end": "2025-09-16T06:35:48.900Z",
    "duration": 1225863
  },
  "results": [
    {
      "uuid": "8c28ae6f-f2ac-429d-9714-44fa3a1b5115",
      "title": "",
      "fullFile": "cypress\\e2e\\addrisk.cy.js",
      "file": "cypress\\e2e\\addrisk.cy.js",
      "beforeHooks": [],
      "afterHooks": [],
      "tests": [],
      "suites": [
        {
          "uuid": "14808a85-a379-40f9-b71b-c47b10f3808c",
          "title": "Add Risk Management",
          "fullFile": "",
          "file": "",
          "beforeHooks": [],
          "afterHooks": [],
          "tests": [
            {
              "title": "TC_01- QCP Management",
              "fullTitle": "Add Risk Management TC_01- QCP Management",
              "timedOut": null,
              "duration": 49209,
              "state": "failed",
              "speed": null,
              "pass": false,
              "fail": true,
              "pending": false,
              "context": null,
              "code": "cy.get(\"#toolbar-item-administration\").click().click();\ncy.get(\".toolbar-icon-commerce-admin-commerce\").click();\ncy.get(\".management-link--cp-risk-cp-risk-list > .card\").click();\ncy.get('[data-original-order=\"2\"] > .tabs__link').click();\ncy.get(\".local-actions__item > .button\").click();\ncy.get(\"#edit-add-to-qcp-table\").select(\"Yes\");\ncy.get('[name=\"action[0][value]\"]').type(qcpName);\ncy.get('[name=\"op\"]').click();\ncy.contains(\"QCP created successfully.\").should(\"be.visible\");\ncy.contains(qcpName).should(\"be.visible\");",
              "err": {
                "message": "AssertionError: Timed out retrying after 4000ms: Expected to find element: `#edit-add-to-qcp-table`, but never found it.",
                "estack": "AssertionError: Timed out retrying after 4000ms: Expected to find element: `#edit-add-to-qcp-table`, but never found it.\n    at Context.eval (webpack://redev/./cypress/e2e/addrisk.cy.js:23:7)",
                "diff": null
              },
              "uuid": "e3f4ee2e-7503-4e7e-8d7f-3890edd4d983",
              "parentUUID": "14808a85-a379-40f9-b71b-c47b10f3808c",
              "isHook": false,
              "skipped": false
            },
            {
              "title": "TC_02 - Add QCP into Risk",
              "fullTitle": "Add Risk Management TC_02 - Add QCP into Risk",
              "timedOut": null,
              "duration": 15973,
              "state": "passed",
              "speed": "slow",
              "pass": true,
              "fail": false,
              "pending": false,
              "context": null,
              "code": "cy.get(\"#toolbar-item-administration\").click().click();\ncy.get(\".toolbar-icon-commerce-admin-commerce\").click();\ncy.get(\".management-link--cp-risk-cp-risk-list > .card\").click();\ncy.contains(\"a\", \"Create New Risk\").click();\ncy.get(\"#edit-add-to-risk-table\").select(\"Yes\");\ncy.get(\"#edit-category\").select(\"E\");\ncy.get(\"#edit-hazard-risk-statement-0-value\").type(riskStatement);\ncy.get(\"#edit-risk-abbreviated-terms-0-value\").type(riskTerms);\ncy.get(\"#edit-type-of-risk\").select(\"Instrument Risk\");\ncy.get(\"#edit-qcp-ids-0-target-id\").type(qcpName);\ncy.get(\"#edit-submit\").click();\ncy.contains(riskStatement).should(\"be.visible\");",
              "err": {},
              "uuid": "20eb106b-5b64-44e9-b7a0-c083bb001a9f",
              "parentUUID": "14808a85-a379-40f9-b71b-c47b10f3808c",
              "isHook": false,
              "skipped": false
            },
            {
              "title": "TC_03 -Add QCP And Risk Into Product",
              "fullTitle": "Add Risk Management TC_03 -Add QCP And Risk Into Product",
              "timedOut": null,
              "duration": 26643,
              "state": "failed",
              "speed": null,
              "pass": false,
              "fail": true,
              "pending": false,
              "context": null,
              "code": "cy.get(\":nth-child(1) > .button\").click();\ncy.get(\":nth-child(1) > .admin-item__title > .admin-item__link\").click();\ncy.get(\"#edit-title-0-value\").type(productName);\ncy.get(\"#edit-field-manufacturer-0-value\").type(productManufacturer);\ncy.get(\"#edit-field-device-0-value\").type(DeviceType);\ncy.get(\"#edit-field-test-0-value\").type(Test);\ncy.get(\"#edit-field-analytes-0-value\").type(Analystes);\ncy.get('[name=\"field_instrument[0][target_id]\"]').type(\"Prabal Instrument System Test\");\ncy.contains(\".ui-menu-item\", \"Prabal Instrument System Test\").click();\ncy.get(\"#edit-stores-target-id-value-2\").check();\ncy.get(\"#edit-actions-submit\").click();\ncy.contains(productName).should(\"be.visible\");\ncy.get(\"#edit-title\").type(productName);\ncy.get(\"#edit-submit-commerce-products\").click();\ncy.contains(\"a\", \"View Risks\").click();\ncy.get(\"#add-risk-button\").click();\ncy.get('[name=\"search_risk\"]').type(riskStatement);\ncy.get('[name=\"search_risks_button\"]').click();\ncy.get('input[id^=\"edit-risk-results-\"]').check();\ncy.get('[name=\"next_step_button\"]').click();\ncy.get('[name=\"submit_all_steps_button\"]').click();\ncy.get(\".messages__header\").should(\"be.visible\");\ncy.get(\".views-field-nothing > .button\").click();\n// cy.get(\"#add-qcp-button\").click();\ncy.get(\"#add-qcp-button\").click({\n  force: true\n});\n// cy.contains(\"a\", \"Add QCP\").click();\ncy.get('[name=\"search_qcp\"]').type(qcpName);\ncy.get('[name=\"search_qcp\"]').first().click();\ncy.get(\"#edit-search--8tXGMyTKVrk\").click();\ncy.get(\"#edit-qcp-results-459--9obciBeKwfo\").check();\ncy.get(\"#edit-add-selected--i_NInTG8IwM\").click();",
              "err": {
                "message": "AssertionError: Timed out retrying after 4000ms: Expected to find element: `#edit-stores-target-id-value-2`, but never found it.",
                "estack": "AssertionError: Timed out retrying after 4000ms: Expected to find element: `#edit-stores-target-id-value-2`, but never found it.\n    at Context.eval (webpack://redev/./cypress/e2e/addrisk.cy.js:57:7)",
                "diff": null
              },
              "uuid": "7970e229-3be5-4255-8ba3-6825dbd9b08b",
              "parentUUID": "14808a85-a379-40f9-b71b-c47b10f3808c",
              "isHook": false,
              "skipped": false
            }
          ],
          "suites": [],
          "passes": [
            "20eb106b-5b64-44e9-b7a0-c083bb001a9f"
          ],
          "failures": [
            "e3f4ee2e-7503-4e7e-8d7f-3890edd4d983",
            "7970e229-3be5-4255-8ba3-6825dbd9b08b"
          ],
          "pending": [],
          "skipped": [],
          "duration": 91825,
          "root": false,
          "rootEmpty": false,
          "_timeout": 2000
        }
      ],
      "passes": [],
      "failures": [],
      "pending": [],
      "skipped": [],
      "duration": 0,
      "root": true,
      "rootEmpty": true,
      "_timeout": 2000
    },
    {
      "uuid": "70ac4334-0ddb-4c52-848d-80bb6c87a94f",
      "title": "",
      "fullFile": "cypress\\e2e\\login.cy.js",
      "file": "cypress\\e2e\\login.cy.js",
      "beforeHooks": [],
      "afterHooks": [],
      "tests": [],
      "suites": [
        {
          "uuid": "3ffabe95-0e81-4059-8452-3d9a8eee53ca",
          "title": "ModuleMaker Login Tests",
          "fullFile": "",
          "file": "",
          "beforeHooks": [],
          "afterHooks": [],
          "tests": [
            {
              "title": "TC_01 - Valid Login",
              "fullTitle": "ModuleMaker Login Tests TC_01 - Valid Login",
              "timedOut": null,
              "duration": 39170,
              "state": "passed",
              "speed": "slow",
              "pass": true,
              "fail": false,
              "pending": false,
              "context": null,
              "code": "cy.login(\"shraddha.regmi\", \"Shraddha@123\");\ncy.location(\"pathname\").should(\"eq\", \"/admin/commerce/products\");\ncy.get(\"#toolbar-item-user\").click();\ncy.contains(\"a\", \"Log out\").click();",
              "err": {},
              "uuid": "81abae02-1f93-4050-a7c2-a6e8c0962c90",
              "parentUUID": "3ffabe95-0e81-4059-8452-3d9a8eee53ca",
              "isHook": false,
              "skipped": false
            },
            {
              "title": "TC_02 - Invalid Login",
              "fullTitle": "ModuleMaker Login Tests TC_02 - Invalid Login",
              "timedOut": null,
              "duration": 2539,
              "state": "passed",
              "speed": "fast",
              "pass": true,
              "fail": false,
              "pending": false,
              "context": null,
              "code": "cy.get(\"#edit-name\").clear().type(\"wrongUsername\");\ncy.get(\"#edit-pass\").clear().type(\"wrongPassword\");\ncy.get(\"#edit-submit\").click();\n// Assert error message is visible\ncy.get(\".messages--error\").should(\"contain.text\", \"Unrecognized username or password\");\n// Optional: URL still includes login\ncy.url().should(\"include\", \"/user/login\");",
              "err": {},
              "uuid": "4c9d6469-04bb-44e3-898d-5d61efd8a314",
              "parentUUID": "3ffabe95-0e81-4059-8452-3d9a8eee53ca",
              "isHook": false,
              "skipped": false
            },
            {
              "title": "TC_03 - Blank Login",
              "fullTitle": "ModuleMaker Login Tests TC_03 - Blank Login",
              "timedOut": null,
              "duration": 875,
              "state": "passed",
              "speed": "fast",
              "pass": true,
              "fail": false,
              "pending": false,
              "context": null,
              "code": "cy.get(selectors.submit).click();\ncy.get(`${selectors.email}:invalid`).should(\"exist\");\ncy.get(`${selectors.password}:invalid`).should(\"exist\");",
              "err": {},
              "uuid": "f27c353c-582a-488b-91fb-7f71830625d1",
              "parentUUID": "3ffabe95-0e81-4059-8452-3d9a8eee53ca",
              "isHook": false,
              "skipped": false
            },
            {
              "title": "TC_04 - Valid Username and Blank Password",
              "fullTitle": "ModuleMaker Login Tests TC_04 - Valid Username and Blank Password",
              "timedOut": null,
              "duration": 1215,
              "state": "passed",
              "speed": "fast",
              "pass": true,
              "fail": false,
              "pending": false,
              "context": null,
              "code": "cy.get(selectors.email).type(\"shraddha.regmi\");\ncy.get(selectors.submit).click();\ncy.get(`${selectors.password}:invalid`).should(\"exist\");",
              "err": {},
              "uuid": "b634cc55-8cf5-4d99-b9d3-d9e2221b4b6e",
              "parentUUID": "3ffabe95-0e81-4059-8452-3d9a8eee53ca",
              "isHook": false,
              "skipped": false
            },
            {
              "title": "TC_05 - Blank Username and Valid Password",
              "fullTitle": "ModuleMaker Login Tests TC_05 - Blank Username and Valid Password",
              "timedOut": null,
              "duration": 1240,
              "state": "passed",
              "speed": "fast",
              "pass": true,
              "fail": false,
              "pending": false,
              "context": null,
              "code": "cy.get(selectors.password).type(\"Shraddha@123\");\ncy.get(selectors.submit).click();\ncy.get(`${selectors.email}:invalid`).should(\"exist\");",
              "err": {},
              "uuid": "194680f7-7bde-4e19-93bd-58a417d3df99",
              "parentUUID": "3ffabe95-0e81-4059-8452-3d9a8eee53ca",
              "isHook": false,
              "skipped": false
            },
            {
              "title": "TC_06 - Capital Username and Valid Password",
              "fullTitle": "ModuleMaker Login Tests TC_06 - Capital Username and Valid Password",
              "timedOut": null,
              "duration": 8907,
              "state": "failed",
              "speed": null,
              "pass": false,
              "fail": true,
              "pending": false,
              "context": null,
              "code": "cy.login(\"Shraddha.regmi\", \"Shraddha@123\");\ncy.get(`${selectors.email}:invalid`).should(\"exist\");",
              "err": {
                "message": "AssertionError: Timed out retrying after 4000ms: Expected to find element: `#edit-name:invalid`, but never found it.",
                "estack": "AssertionError: Timed out retrying after 4000ms: Expected to find element: `#edit-name:invalid`, but never found it.\n    at Context.eval (webpack://redev/./cypress/e2e/login.cy.js:53:41)",
                "diff": null
              },
              "uuid": "4e6d3831-60a1-41ea-9ef6-bf0703edfd52",
              "parentUUID": "3ffabe95-0e81-4059-8452-3d9a8eee53ca",
              "isHook": false,
              "skipped": false
            },
            {
              "title": "TC_07 - Remember me",
              "fullTitle": "ModuleMaker Login Tests TC_07 - Remember me",
              "timedOut": null,
              "duration": 12613,
              "state": "failed",
              "speed": null,
              "pass": false,
              "fail": true,
              "pending": false,
              "context": null,
              "code": "cy.get(selectors.email).type(\"shraddha.regmi\");\ncy.get(selectors.password).type(\"Shraddha@123\");\ncy.get('[name=\"persistent_login\"]').check().should(\"be.checked\");\ncy.get(selectors.submit).click();\ncy.get(\"#toolbar-item-user\").click();\ncy.get(\".logout > a\").click();\ncy.get(selectors.username).should(\"have.value\", \"shraddha.regmi\");",
              "err": {
                "message": "AssertionError: Timed out retrying after 4000ms: Expected to find element: `undefined`, but never found it.",
                "estack": "AssertionError: Timed out retrying after 4000ms: Expected to find element: `undefined`, but never found it.\n    at Context.eval (webpack://redev/./cypress/e2e/login.cy.js:63:31)",
                "diff": null
              },
              "uuid": "c6f0ab7c-d4fa-42f5-a9ef-94e37cc292c3",
              "parentUUID": "3ffabe95-0e81-4059-8452-3d9a8eee53ca",
              "isHook": false,
              "skipped": false
            },
            {
              "title": "TC_08 - Forgot Password",
              "fullTitle": "ModuleMaker Login Tests TC_08 - Forgot Password",
              "timedOut": null,
              "duration": 960,
              "state": "passed",
              "speed": "fast",
              "pass": true,
              "fail": false,
              "pending": false,
              "context": null,
              "code": "cy.get(\".reset_text > .switcher-text\").click();\ncy.location(\"pathname\").should(\"eq\", \"/user/password\");\ncy.get(\"h1\").should(\"have.text\", \"Module Maker Reset your password\");",
              "err": {},
              "uuid": "9f9c3707-5c30-431e-bb04-eb6c6c0a5e9e",
              "parentUUID": "3ffabe95-0e81-4059-8452-3d9a8eee53ca",
              "isHook": false,
              "skipped": false
            }
          ],
          "suites": [],
          "passes": [
            "81abae02-1f93-4050-a7c2-a6e8c0962c90",
            "4c9d6469-04bb-44e3-898d-5d61efd8a314",
            "f27c353c-582a-488b-91fb-7f71830625d1",
            "b634cc55-8cf5-4d99-b9d3-d9e2221b4b6e",
            "194680f7-7bde-4e19-93bd-58a417d3df99",
            "9f9c3707-5c30-431e-bb04-eb6c6c0a5e9e"
          ],
          "failures": [
            "4e6d3831-60a1-41ea-9ef6-bf0703edfd52",
            "c6f0ab7c-d4fa-42f5-a9ef-94e37cc292c3"
          ],
          "pending": [],
          "skipped": [],
          "duration": 67519,
          "root": false,
          "rootEmpty": false,
          "_timeout": 2000
        }
      ],
      "passes": [],
      "failures": [],
      "pending": [],
      "skipped": [],
      "duration": 0,
      "root": true,
      "rootEmpty": true,
      "_timeout": 2000
    },
    {
      "uuid": "13f54b57-b5bd-49cd-9094-a7ad27da8792",
      "title": "",
      "fullFile": "cypress\\e2e\\product.cy.js",
      "file": "cypress\\e2e\\product.cy.js",
      "beforeHooks": [],
      "afterHooks": [],
      "tests": [],
      "suites": [
        {
          "uuid": "4454f379-dd90-40d3-a838-26e053476a7e",
          "title": "Product Management",
          "fullFile": "",
          "file": "",
          "beforeHooks": [],
          "afterHooks": [],
          "tests": [
            {
              "title": "TC_01 - Create Product Requried Field (Assay Panel)",
              "fullTitle": "Product Management TC_01 - Create Product Requried Field (Assay Panel)",
              "timedOut": null,
              "duration": 55423,
              "state": "passed",
              "speed": "slow",
              "pass": true,
              "fail": false,
              "pending": false,
              "context": null,
              "code": "cy.get(\":nth-child(1) > .button\").click();\ncy.get(\":nth-child(1) > .admin-item__title > .admin-item__link\").click();\nfillProductForm(productName, productManufacturer, deviceType, testType, analytes);\ncy.get('[name=\"field_instrument[0][target_id]\"]').type(\"Prabal Instrument System Test\");\ncy.contains(\".ui-menu-item\", \"Prabal Instrument System Test\").click();\ncy.get(\"#edit-actions-submit\").click();\ncy.location(\"pathname\").should(\"eq\", \"/admin/commerce/products\");",
              "err": {},
              "uuid": "fc5af41b-8952-4ebd-a841-d8454bd47d19",
              "parentUUID": "4454f379-dd90-40d3-a838-26e053476a7e",
              "isHook": false,
              "skipped": false
            },
            {
              "title": "TC_02 - Edit Product",
              "fullTitle": "Product Management TC_02 - Edit Product",
              "timedOut": null,
              "duration": 21992,
              "state": "passed",
              "speed": "slow",
              "pass": true,
              "fail": false,
              "pending": false,
              "context": null,
              "code": "cy.get(\"#edit-title\").clear().type(productName);\ncy.get(\"#edit-submit-commerce-products\").click();\ncy.get(`a[aria-label*=\"Edit ${productName}\"]`).click();\nfillProductForm(editedProductName, `${productManufacturer} Edited`, `${deviceType} Edited`, `${testType} Edited`, `${analytes} Edited`);\ncy.get(\"#edit-actions-submit\").click();\ncy.contains(editedProductName).should(\"be.visible\");",
              "err": {},
              "uuid": "186fdc87-85b8-4df0-89ab-936edbfbefb2",
              "parentUUID": "4454f379-dd90-40d3-a838-26e053476a7e",
              "isHook": false,
              "skipped": false
            },
            {
              "title": "TC_03 - Delete Product",
              "fullTitle": "Product Management TC_03 - Delete Product",
              "timedOut": null,
              "duration": 28564,
              "state": "passed",
              "speed": "slow",
              "pass": true,
              "fail": false,
              "pending": false,
              "context": null,
              "code": "cy.get(\"#edit-title\").clear().type(editedProductName);\ncy.get(\"#edit-submit-commerce-products\").click();\ncy.get(`a[aria-label*=\"Edit ${editedProductName}\"]`).click();\ncy.get(\"#edit-actions-delete\").click();\ncy.get(\".ui-dialog-buttonset > .button--primary\").click();\ncy.contains(`The product ${editedProductName} has been deleted.`).should(\"be.visible\");",
              "err": {},
              "uuid": "17420af5-8108-4a68-9748-e8435ede909b",
              "parentUUID": "4454f379-dd90-40d3-a838-26e053476a7e",
              "isHook": false,
              "skipped": false
            },
            {
              "title": "TC_04 - Add Variation",
              "fullTitle": "Product Management TC_04 - Add Variation",
              "timedOut": null,
              "duration": 33310,
              "state": "failed",
              "speed": null,
              "pass": false,
              "fail": true,
              "pending": false,
              "context": null,
              "code": "cy.get(\":nth-child(1) > .button\").click();\ncy.get(\":nth-child(1) > .admin-item__title > .admin-item__link\").click();\nfillProductForm(productName, productManufacturer, deviceType, testType, analytes);\ncy.get('[name=\"field_instrument[0][target_id]\"]').type(\"Prabal Instrument System Test\");\ncy.contains(\".ui-menu-item\", \"Prabal Instrument System Test\").click();\ncy.get('[name=\"field_assays[0][target_id]\"]').type(\"ABC\");\ncy.get(\"#edit-actions-submit-continue\").click();\naddVariation(`Variation ${productNum}`, `SKU-${productNum}`);",
              "err": {
                "message": "AssertionError: Timed out retrying after 4000ms: Expected to find content: 'Prabal Instrument System Test' within the selector: '.ui-menu-item' but never did.",
                "estack": "AssertionError: Timed out retrying after 4000ms: Expected to find content: 'Prabal Instrument System Test' within the selector: '.ui-menu-item' but never did.\n    at Context.eval (webpack://redev/./cypress/e2e/product.cy.js:106:7)",
                "diff": null
              },
              "uuid": "328d2ce5-b2bb-4ec4-9a7f-ae2d94a4adf8",
              "parentUUID": "4454f379-dd90-40d3-a838-26e053476a7e",
              "isHook": false,
              "skipped": false
            },
            {
              "title": "TC_05 - Create Product ALL Field (Assay Panel)",
              "fullTitle": "Product Management TC_05 - Create Product ALL Field (Assay Panel)",
              "timedOut": null,
              "duration": 36313,
              "state": "passed",
              "speed": "slow",
              "pass": true,
              "fail": false,
              "pending": false,
              "context": null,
              "code": "cy.get(\":nth-child(1) > .button\").click();\ncy.get(\":nth-child(1) > .admin-item__title > .admin-item__link\").click();\nfillProductForm(productName + \" All\", productManufacturer + \"All\", deviceType, testType, analytes);\ncy.get(\"#edit-field-is-demo-0-value\").type(\"Yes\");\ncy.get(\"#edit-field-part-0-value\").type(\"12345\");\ncy.get(\"#edit-field-version-0-value\").type(\"1.0\");\ncy.get(\"#edit-field-sort-0-value\").type(\"10\");\ncy.get(\"#edit-field-matrix-id-0-value\").type(\"Matrix ID\");\ncy.get('[name=\"field_reagent[0][value]\"]').type(\"Reagent\");\ncy.get('[name=\"field_cartidge[0][value]\"]').type(\"Cartidge\");\ncy.get('[name=\"field_cartidge[0][value]\"]').type(\"Cartidge\");\ncy.get('[name=\"field_instrument_large[0][value]\"]').type(\"Instrument Large\");\ncy.get('[name=\"field_instrument_small[0][value]\"]').type(\"Instrument Small\");\ncy.get('[name=\"field_consumable_large[0][value]\"]').type(\"Consumable Large\");\ncy.get('[name=\"field_consumable_port_l[0][value]\"]').type(\"Consumable Port L\");\ncy.get('[name=\"field_sample_probe[0][value]\"]').type(\"Sample Probe\");\ncy.get('[name=\"field_lqc[0][value]\"]').type(\"LQC\");\ncy.get('[name=\"field_lqc[0][value]\"]').type(\"LQC1\");\ncy.get('[name=\"field_lqc[0][value]\"]').type(\"LQC2\");\ncy.get('[name=\"field_lqc[0][value]\"]').type(\"LQC3\");\ncy.get('[name=\"field_lqc[0][value]\"]').type(\"LQC4\");\ncy.get('[name=\"field_lqc[0][value]\"]').type(\"LQC5\");\ncy.get('[name=\"field_lqc[0][value]\"]').type(\"LQC6\");\ncy.get('[name=\"field_instrument[0][target_id]\"]').type(\"Prabal Instrument System Test\");\ncy.contains(\".ui-menu-item\", \"Prabal Instrument System Test\").click();\ncy.get(\"#edit-actions-submit\").click();\ncy.location(\"pathname\").should(\"eq\", \"/admin/commerce/products\");",
              "err": {},
              "uuid": "be3ad0fc-0021-4021-8b30-ce5f16c882c6",
              "parentUUID": "4454f379-dd90-40d3-a838-26e053476a7e",
              "isHook": false,
              "skipped": false
            },
            {
              "title": "TC_06 - Create Product Requried Field (Instrument)",
              "fullTitle": "Product Management TC_06 - Create Product Requried Field (Instrument)",
              "timedOut": null,
              "duration": 31325,
              "state": "passed",
              "speed": "slow",
              "pass": true,
              "fail": false,
              "pending": false,
              "context": null,
              "code": "cy.get(\":nth-child(1) > .button\").click();\ncy.get(\":nth-child(4) > .admin-item__title > .admin-item__link\").click();\nfillProductForm(productName + \" Ins\", productManufacturer + \" Ins\", deviceType, testType, analytes);\ncy.get(\"#edit-actions-submit\").click();\ncy.location(\"pathname\").should(\"eq\", \"/admin/commerce/products\");",
              "err": {},
              "uuid": "1472c43d-da1e-41da-8633-9b130a97076d",
              "parentUUID": "4454f379-dd90-40d3-a838-26e053476a7e",
              "isHook": false,
              "skipped": false
            },
            {
              "title": "TC_07 - Add Variation to Existing Product (Instrument)",
              "fullTitle": "Product Management TC_07 - Add Variation to Existing Product (Instrument)",
              "timedOut": null,
              "duration": 32287,
              "state": "passed",
              "speed": "slow",
              "pass": true,
              "fail": false,
              "pending": false,
              "context": null,
              "code": "searchAndEdit(productName + \" Ins\");\ncy.get(\".js-active-tab > .tabs__link\").click();\ncy.get('[data-original-order=\"2\"] > .tabs__link').click();\naddVariation(`Instrument VAR ${productNum}`, `SKU-INS${productNum}`);",
              "err": {},
              "uuid": "ce9b4adf-5494-4e59-aa76-554a23a665c1",
              "parentUUID": "4454f379-dd90-40d3-a838-26e053476a7e",
              "isHook": false,
              "skipped": false
            },
            {
              "title": "TC_08 - Delete Product (Instrument)",
              "fullTitle": "Product Management TC_08 - Delete Product (Instrument)",
              "timedOut": null,
              "duration": 31873,
              "state": "passed",
              "speed": "slow",
              "pass": true,
              "fail": false,
              "pending": false,
              "context": null,
              "code": "searchAndEdit(productName + \" Ins\");\ncy.get(\"#edit-actions-delete\").click();\ncy.get(\".ui-dialog-buttonset > .button--primary\").click();",
              "err": {},
              "uuid": "48d66504-a71d-4c40-a939-58937eba7ce0",
              "parentUUID": "4454f379-dd90-40d3-a838-26e053476a7e",
              "isHook": false,
              "skipped": false
            },
            {
              "title": "TC_09 - Create Product (Instrument Variation)",
              "fullTitle": "Product Management TC_09 - Create Product (Instrument Variation)",
              "timedOut": null,
              "duration": 35931,
              "state": "passed",
              "speed": "slow",
              "pass": true,
              "fail": false,
              "pending": false,
              "context": null,
              "code": "cy.get(\":nth-child(1) > .button\").click();\ncy.get(\":nth-child(4) > .admin-item__title > .admin-item__link\").click();\nfillProductForm(productName + \"VAR-Ins\", productManufacturer + \" Ins\", deviceType, testType, analytes);\ncy.get(\"#edit-actions-submit-continue\").click();\naddVariation(`Instrument ${productNum}`, `SKU-INS-${productNum}`);\ncy.location(\"pathname\").should(\"contain\", \"/product/\");",
              "err": {},
              "uuid": "49b56c9a-5bda-4ee8-9aa3-01f818c022d0",
              "parentUUID": "4454f379-dd90-40d3-a838-26e053476a7e",
              "isHook": false,
              "skipped": false
            },
            {
              "title": "TC_10 - Create Product All Field (Instrument)",
              "fullTitle": "Product Management TC_10 - Create Product All Field (Instrument)",
              "timedOut": null,
              "duration": 48458,
              "state": "passed",
              "speed": "slow",
              "pass": true,
              "fail": false,
              "pending": false,
              "context": null,
              "code": "cy.get(\":nth-child(1) > .button\").click();\ncy.get(\":nth-child(4) > .admin-item__title > .admin-item__link\").click();\nfillProductForm(productName + \" Ins All\", productManufacturer + \" Ins All\", deviceType, testType, analytes);\ncy.get(\"#edit-field-is-demo-0-value\").type(\"Yes\");\ncy.get(\"#edit-field-part-0-value\").type(\"12345\");\ncy.get(\"#edit-field-version-0-value\").type(\"1.0\");\ncy.get(\"#edit-field-sort-0-value\").type(\"10\");\ncy.get(\"#edit-field-matrix-id-0-value\").type(\"Matrix ID\");\ncy.get('[name=\"field_reagent[0][value]\"]').type(\"Reagent\");\ncy.get('[name=\"field_cartidge[0][value]\"]').type(\"Cartidge\");\ncy.get('[name=\"field_cartidge[0][value]\"]').type(\"Cartidge\");\ncy.get('[name=\"field_instrument_large[0][value]\"]').type(\"Instrument Large\");\ncy.get('[name=\"field_instrument_small[0][value]\"]').type(\"Instrument Small\");\ncy.get('[name=\"field_consumable_large[0][value]\"]').type(\"Consumable Large\");\ncy.get('[name=\"field_consumable_port_l[0][value]\"]').type(\"Consumable Port L\");\ncy.get('[name=\"field_sample_probe[0][value]\"]').type(\"Sample Probe\");\ncy.get('[name=\"field_lqc[0][value]\"]').type(\"LQC\");\ncy.get(\"#edit-actions-submit\").click();\ncy.location(\"pathname\").should(\"eq\", \"/admin/commerce/products\");",
              "err": {},
              "uuid": "781dff7a-a5d9-4bb1-8d0f-e4676b308ef9",
              "parentUUID": "4454f379-dd90-40d3-a838-26e053476a7e",
              "isHook": false,
              "skipped": false
            },
            {
              "title": "TC_11 - Create Product (PRO-QCP)",
              "fullTitle": "Product Management TC_11 - Create Product (PRO-QCP)",
              "timedOut": null,
              "duration": 35561,
              "state": "passed",
              "speed": "slow",
              "pass": true,
              "fail": false,
              "pending": false,
              "context": null,
              "code": "cy.get(\":nth-child(1) > .button\").click();\ncy.get(\":nth-child(2) > .admin-item__title > .admin-item__link\").click();\nfillProductForm(productName + \" QCP\", productManufacturer + \" QCP\", deviceType, testType, analytes);\ncy.get(\"#edit-actions-submit\").click();\ncy.location(\"pathname\").should(\"eq\", \"/admin/commerce/products\");",
              "err": {},
              "uuid": "dbb0f200-da27-47c4-a0b8-ee195528b802",
              "parentUUID": "4454f379-dd90-40d3-a838-26e053476a7e",
              "isHook": false,
              "skipped": false
            },
            {
              "title": "TC_12 - Add Variation to Existing Product (PRO-QCP)",
              "fullTitle": "Product Management TC_12 - Add Variation to Existing Product (PRO-QCP)",
              "timedOut": null,
              "duration": 27487,
              "state": "passed",
              "speed": "slow",
              "pass": true,
              "fail": false,
              "pending": false,
              "context": null,
              "code": "searchAndEdit(productName + \" QCP\");\ncy.get(\".js-active-tab > .tabs__link\").click();\ncy.get('[data-original-order=\"2\"] > .tabs__link').click();\naddVariation(`QCP VAR ${productNum}`, `SKU-QCP${productNum}`);",
              "err": {},
              "uuid": "d8a0cf42-c7e5-497d-b6ab-dc6c7e1044ac",
              "parentUUID": "4454f379-dd90-40d3-a838-26e053476a7e",
              "isHook": false,
              "skipped": false
            },
            {
              "title": "TC_13 - Delete Product (QCP)",
              "fullTitle": "Product Management TC_13 - Delete Product (QCP)",
              "timedOut": null,
              "duration": 31095,
              "state": "passed",
              "speed": "slow",
              "pass": true,
              "fail": false,
              "pending": false,
              "context": null,
              "code": "searchAndEdit(productName + \" QCP\");\ncy.get(\"#edit-actions-delete\").click();\ncy.get(\".ui-dialog-buttonset > .button--primary\").click();",
              "err": {},
              "uuid": "18705f66-03ee-4e27-bd81-ea2b5bd497e0",
              "parentUUID": "4454f379-dd90-40d3-a838-26e053476a7e",
              "isHook": false,
              "skipped": false
            },
            {
              "title": "TC_14 - Create Product (QCP Variation)",
              "fullTitle": "Product Management TC_14 - Create Product (QCP Variation)",
              "timedOut": null,
              "duration": 37744,
              "state": "passed",
              "speed": "slow",
              "pass": true,
              "fail": false,
              "pending": false,
              "context": null,
              "code": "cy.get(\":nth-child(1) > .button\").click();\ncy.get(\":nth-child(2) > .admin-item__title > .admin-item__link\").click();\nfillProductForm(productName + \" QCP VAR\", productManufacturer + \" QCP VAR\", deviceType, testType, analytes);\ncy.get(\"#edit-actions-submit-continue\").click();\naddVariation(`QCP ${productNum}`, `SKU-QCP-${productNum}`);",
              "err": {},
              "uuid": "cbe9de2d-2ab2-4004-a43a-80d9c1c0144e",
              "parentUUID": "4454f379-dd90-40d3-a838-26e053476a7e",
              "isHook": false,
              "skipped": false
            },
            {
              "title": "TC_15 - Create Product All Field (PRO-QCP)",
              "fullTitle": "Product Management TC_15 - Create Product All Field (PRO-QCP)",
              "timedOut": null,
              "duration": 49681,
              "state": "passed",
              "speed": "slow",
              "pass": true,
              "fail": false,
              "pending": false,
              "context": null,
              "code": "cy.get(\":nth-child(1) > .button\").click();\ncy.get(\":nth-child(2) > .admin-item__title > .admin-item__link\").click();\nfillProductForm(productName + \" QCP All\", productManufacturer + \" QCP All\", deviceType, testType, analytes);\ncy.get(\"#edit-field-is-demo-0-value\").type(\"Yes\");\ncy.get(\"#edit-field-part-0-value\").type(\"12345\");\ncy.get(\"#edit-field-version-0-value\").type(\"1.0\");\ncy.get(\"#edit-field-sort-0-value\").type(\"10\");\ncy.get(\"#edit-field-matrix-id-0-value\").type(\"Matrix ID\");\ncy.get('[name=\"field_reagent[0][value]\"]').type(\"Reagent\");\ncy.get('[name=\"field_cartidge[0][value]\"]').type(\"Cartidge\");\ncy.get('[name=\"field_instrument_large[0][value]\"]').type(\"Instrument Large\");\ncy.get('[name=\"field_instrument_small[0][value]\"]').type(\"Instrument Small\");\ncy.get('[name=\"field_consumable_large[0][value]\"]').type(\"Consumable Large\");\ncy.get('[name=\"field_consumable_port_l[0][value]\"]').type(\"Consumable Port L\");\ncy.get('[name=\"field_sample_probe[0][value]\"]').type(\"Sample Probe\");\ncy.get('[name=\"field_lqc[0][value]\"]').type(\"LQC\");\ncy.get(\"#edit-actions-submit\").click();\ncy.location(\"pathname\").should(\"eq\", \"/admin/commerce/products\");",
              "err": {},
              "uuid": "c750906e-2e4f-402d-90bf-2922e3c976d3",
              "parentUUID": "4454f379-dd90-40d3-a838-26e053476a7e",
              "isHook": false,
              "skipped": false
            }
          ],
          "suites": [],
          "passes": [
            "fc5af41b-8952-4ebd-a841-d8454bd47d19",
            "186fdc87-85b8-4df0-89ab-936edbfbefb2",
            "17420af5-8108-4a68-9748-e8435ede909b",
            "be3ad0fc-0021-4021-8b30-ce5f16c882c6",
            "1472c43d-da1e-41da-8633-9b130a97076d",
            "ce9b4adf-5494-4e59-aa76-554a23a665c1",
            "48d66504-a71d-4c40-a939-58937eba7ce0",
            "49b56c9a-5bda-4ee8-9aa3-01f818c022d0",
            "781dff7a-a5d9-4bb1-8d0f-e4676b308ef9",
            "dbb0f200-da27-47c4-a0b8-ee195528b802",
            "d8a0cf42-c7e5-497d-b6ab-dc6c7e1044ac",
            "18705f66-03ee-4e27-bd81-ea2b5bd497e0",
            "cbe9de2d-2ab2-4004-a43a-80d9c1c0144e",
            "c750906e-2e4f-402d-90bf-2922e3c976d3"
          ],
          "failures": [
            "328d2ce5-b2bb-4ec4-9a7f-ae2d94a4adf8"
          ],
          "pending": [],
          "skipped": [],
          "duration": 537044,
          "root": false,
          "rootEmpty": false,
          "_timeout": 2000
        }
      ],
      "passes": [],
      "failures": [],
      "pending": [],
      "skipped": [],
      "duration": 0,
      "root": true,
      "rootEmpty": true,
      "_timeout": 2000
    },
    {
      "uuid": "9dadec0d-5602-4876-8ddb-462d7df784c8",
      "title": "",
      "fullFile": "cypress\\e2e\\qcp.cy.js",
      "file": "cypress\\e2e\\qcp.cy.js",
      "beforeHooks": [],
      "afterHooks": [],
      "tests": [],
      "suites": [
        {
          "uuid": "e079b511-afdf-4ea6-aa6a-af5e5394e5f9",
          "title": "QCP Management",
          "fullFile": "",
          "file": "",
          "beforeHooks": [],
          "afterHooks": [],
          "tests": [
            {
              "title": "TC_01 - Create QCP (Mandatory Field)",
              "fullTitle": "QCP Management TC_01 - Create QCP (Mandatory Field)",
              "timedOut": null,
              "duration": 79683,
              "state": "passed",
              "speed": "slow",
              "pass": true,
              "fail": false,
              "pending": false,
              "context": null,
              "code": "goToQCPList();\ncy.get(\".local-actions__item > .button\").click();\ncy.get(\"#edit-add-to-qcp-table\").select(\"Yes\");\ncy.get('[name=\"action[0][value]\"]').type(qcpName);\ncy.get('[name=\"op\"]').click();\ncy.contains(\"QCP created successfully.\").should(\"be.visible\");\ncy.contains(qcpName).should(\"be.visible\");",
              "err": {},
              "uuid": "233953e9-573d-477b-ae70-337b6ada602e",
              "parentUUID": "e079b511-afdf-4ea6-aa6a-af5e5394e5f9",
              "isHook": false,
              "skipped": false
            },
            {
              "title": "TC_02 - Edit QCP",
              "fullTitle": "QCP Management TC_02 - Edit QCP",
              "timedOut": null,
              "duration": 36490,
              "state": "passed",
              "speed": "slow",
              "pass": true,
              "fail": false,
              "pending": false,
              "context": null,
              "code": "goToQCPList();\ncy.get(`a[aria-label*=\"${qcpName}\"]`).should(\"be.visible\").click();\nconst updatedName = `${qcpName} - Edited`;\ncy.get(\"#edit-action-0-value\").clear().type(updatedName);\ncy.get('[name=\"op\"]').click();\ncy.contains(updatedName).should(\"be.visible\");",
              "err": {},
              "uuid": "4b34de7d-5d34-4d66-b656-8dcffe3343db",
              "parentUUID": "e079b511-afdf-4ea6-aa6a-af5e5394e5f9",
              "isHook": false,
              "skipped": false
            },
            {
              "title": "TC_03 - Delete QCP",
              "fullTitle": "QCP Management TC_03 - Delete QCP",
              "timedOut": null,
              "duration": 36394,
              "state": "passed",
              "speed": "slow",
              "pass": true,
              "fail": false,
              "pending": false,
              "context": null,
              "code": "goToQCPList();\ncy.get(`a[aria-label*=\"${qcpName}\"]`).should(\"be.visible\").click();\ncy.get(\"#edit-delete\").click();\ncy.get('button[type=\"button\"]').contains(\"Delete\").click();\ncy.get(\".messages__header\").should(\"be.visible\");",
              "err": {},
              "uuid": "25711a88-8d37-40a2-9205-ddb78e6c139d",
              "parentUUID": "e079b511-afdf-4ea6-aa6a-af5e5394e5f9",
              "isHook": false,
              "skipped": false
            },
            {
              "title": "TC_04 - Create QCP (All Field)",
              "fullTitle": "QCP Management TC_04 - Create QCP (All Field)",
              "timedOut": null,
              "duration": 37723,
              "state": "passed",
              "speed": "slow",
              "pass": true,
              "fail": false,
              "pending": false,
              "context": null,
              "code": "goToQCPList();\ncy.get(\".local-actions__item > .button\").click();\ncy.get(\"#edit-add-to-qcp-table\").select(\"Yes\");\ncy.get('[name=\"action[0][value]\"]').type(qcpName + \" All\");\ncy.get(\"#edit-frequency-0-value\").type(\"10\");\ncy.get(\"#edit-criteria-0-value\").type(\"Test Criteria\");\ncy.get('[name=\"citation_text[0][inline_container][field_wrapper_1][agg_id]\"]').select(\"CAP\");\ncy.get('[name=\"citation_text_add_more\"]').click();\ncy.get('select[name=\"citation_text[1][inline_container][field_wrapper_1][agg_id]\"]').select(\"ISO 15189\");\ncy.get('[name=\"op\"]').click();\ncy.contains(\"QCP created successfully.\").should(\"be.visible\");\ncy.contains(qcpName).should(\"be.visible\");",
              "err": {},
              "uuid": "a89f2112-804f-4279-ac68-bb2bf7378937",
              "parentUUID": "e079b511-afdf-4ea6-aa6a-af5e5394e5f9",
              "isHook": false,
              "skipped": false
            }
          ],
          "suites": [],
          "passes": [
            "233953e9-573d-477b-ae70-337b6ada602e",
            "4b34de7d-5d34-4d66-b656-8dcffe3343db",
            "25711a88-8d37-40a2-9205-ddb78e6c139d",
            "a89f2112-804f-4279-ac68-bb2bf7378937"
          ],
          "failures": [],
          "pending": [],
          "skipped": [],
          "duration": 190290,
          "root": false,
          "rootEmpty": false,
          "_timeout": 2000
        }
      ],
      "passes": [],
      "failures": [],
      "pending": [],
      "skipped": [],
      "duration": 0,
      "root": true,
      "rootEmpty": true,
      "_timeout": 2000
    },
    {
      "uuid": "25ddb521-0689-4af8-a772-5dc4de0bebd2",
      "title": "",
      "fullFile": "cypress\\e2e\\risk.cy.js",
      "file": "cypress\\e2e\\risk.cy.js",
      "beforeHooks": [],
      "afterHooks": [],
      "tests": [],
      "suites": [
        {
          "uuid": "4c594f35-bbad-4594-bdeb-948888426f85",
          "title": "Risk Management",
          "fullFile": "",
          "file": "",
          "beforeHooks": [],
          "afterHooks": [],
          "tests": [
            {
              "title": "TC_01 - Create Risk",
              "fullTitle": "Risk Management TC_01 - Create Risk",
              "timedOut": null,
              "duration": 70314,
              "state": "passed",
              "speed": "slow",
              "pass": true,
              "fail": false,
              "pending": false,
              "context": null,
              "code": "goToRiskList();\ncy.contains(\"a\", \"Create New Risk\").click();\ncy.get(\"#edit-add-to-risk-table\").select(\"Yes\");\ncy.get(\"#edit-category\").select(\"E\");\ncy.get(\"#edit-hazard-risk-statement-0-value\").type(riskStatement);\ncy.get(\"#edit-risk-abbreviated-terms-0-value\").type(riskTerms);\ncy.get(\"#edit-type-of-risk\").select(\"Instrument Risk\");\ncy.get(\"#edit-submit\").click();\ncy.contains(riskStatement).should(\"be.visible\");",
              "err": {},
              "uuid": "80f94b0d-bfe9-4d49-8f35-c70364c3636c",
              "parentUUID": "4c594f35-bbad-4594-bdeb-948888426f85",
              "isHook": false,
              "skipped": false
            },
            {
              "title": "TC_02 - Edit Recently Created Risk",
              "fullTitle": "Risk Management TC_02 - Edit Recently Created Risk",
              "timedOut": null,
              "duration": 35922,
              "state": "passed",
              "speed": "slow",
              "pass": true,
              "fail": false,
              "pending": false,
              "context": null,
              "code": "goToRiskList();\ncy.get(\"#edit-hazard-risk-statement\").type(riskStatement);\ncy.get(\"#edit-risk-abbreviated-terms\").type(riskTerms);\ncy.get(\"#edit-type-of-risk\").select(\"Instrument Risk\");\ncy.get(\"#edit-submit-cp-risk-admin\").click();\ncy.get(\".edit > a\").click();\ncy.get(\"#edit-hazard-risk-statement-0-value\").clear().type(`${riskStatement} - Edited`);\ncy.get(\"#edit-risk-abbreviated-terms-0-value\").clear().type(`${riskTerms} - Edited`);\ncy.get(\"#edit-submit\").click();\ncy.contains(`${riskStatement} - Edited`).should(\"be.visible\");",
              "err": {},
              "uuid": "0b699d71-27d7-4a1d-8d3a-e5f9637dd37d",
              "parentUUID": "4c594f35-bbad-4594-bdeb-948888426f85",
              "isHook": false,
              "skipped": false
            },
            {
              "title": "TC_03 - Delete Recently Edited Risk",
              "fullTitle": "Risk Management TC_03 - Delete Recently Edited Risk",
              "timedOut": null,
              "duration": 39663,
              "state": "passed",
              "speed": "slow",
              "pass": true,
              "fail": false,
              "pending": false,
              "context": null,
              "code": "goToRiskList();\ncy.get(\"#edit-hazard-risk-statement\").type(riskStatement);\ncy.get(\"#edit-risk-abbreviated-terms\").type(riskTerms);\ncy.get(\"#edit-type-of-risk\").select(\"Instrument Risk\");\ncy.get(\"#edit-submit-cp-risk-admin\").click();\ncy.get(\".edit > a\").click();\ncy.get(\"#edit-delete\").click();\ncy.contains(\"button\", \"Delete\").click();",
              "err": {},
              "uuid": "4b13e55b-1ce5-4782-91ec-1197b43ec417",
              "parentUUID": "4c594f35-bbad-4594-bdeb-948888426f85",
              "isHook": false,
              "skipped": false
            },
            {
              "title": "TC_04 - Create Risk with All Fields",
              "fullTitle": "Risk Management TC_04 - Create Risk with All Fields",
              "timedOut": null,
              "duration": 36467,
              "state": "passed",
              "speed": "slow",
              "pass": true,
              "fail": false,
              "pending": false,
              "context": null,
              "code": "goToRiskList();\ncy.contains(\"a\", \"Create New Risk\").click();\ncy.get(\"#edit-add-to-risk-table\").select(\"Yes\");\ncy.get(\"#edit-category\").select(\"E\");\ncy.get(\"#edit-hazard-risk-statement-0-value\").type(riskStatement + \" All\");\ncy.get(\"#edit-risk-abbreviated-terms-0-value\").type(riskTerms + \" All\");\ncy.get(\"#edit-type-of-risk\").select(\"Instrument Risk\");\ncy.get('[name=\"activity\"]').select(\"collection\");\ncy.get('input[data-drupal-selector=\"edit-qcp-ids-0-target-id\"]').should(\"be.visible\").clear().type(\"QCP\", {\n  delay: 100\n}).wait(2000);\ncy.get(\".ui-menu-item-wrapper\").contains(\"QCP\").click();\ncy.get('[name=\"op\"]').click();\ncy.contains(riskStatement).should(\"be.visible\");",
              "err": {},
              "uuid": "9eb925fe-e9f3-4e79-8537-2c1b5d886a86",
              "parentUUID": "4c594f35-bbad-4594-bdeb-948888426f85",
              "isHook": false,
              "skipped": false
            }
          ],
          "suites": [],
          "passes": [
            "80f94b0d-bfe9-4d49-8f35-c70364c3636c",
            "0b699d71-27d7-4a1d-8d3a-e5f9637dd37d",
            "4b13e55b-1ce5-4782-91ec-1197b43ec417",
            "9eb925fe-e9f3-4e79-8537-2c1b5d886a86"
          ],
          "failures": [],
          "pending": [],
          "skipped": [],
          "duration": 182366,
          "root": false,
          "rootEmpty": false,
          "_timeout": 2000
        }
      ],
      "passes": [],
      "failures": [],
      "pending": [],
      "skipped": [],
      "duration": 0,
      "root": true,
      "rootEmpty": true,
      "_timeout": 2000
    },
    {
      "uuid": "43cf29d9-6737-4c2c-9abf-0065c6bbcf86",
      "title": "",
      "fullFile": "cypress\\e2e\\accrediting.cy.js",
      "file": "cypress\\e2e\\accrediting.cy.js",
      "beforeHooks": [],
      "afterHooks": [],
      "tests": [],
      "suites": [
        {
          "uuid": "b3de42a9-696f-46a5-9f19-2b8a97657a29",
          "title": "Accrediting Agency",
          "fullFile": "",
          "file": "",
          "beforeHooks": [],
          "afterHooks": [],
          "tests": [
            {
              "title": "TC_01- Accrediting Agency Management",
              "fullTitle": "Accrediting Agency TC_01- Accrediting Agency Management",
              "timedOut": null,
              "duration": 48903,
              "state": "passed",
              "speed": "slow",
              "pass": true,
              "fail": false,
              "pending": false,
              "context": null,
              "code": "goToAccreditingAgency();\ncy.get(\".local-actions__item > .button\").click();\ncy.get('[name=\"title[0][value]\"]').type(\"Acer\" + acerName);\ncy.get('[name=\"citation_text[0][citation]\"]').type(\"XYZ Citation\");\ncy.get('[name=\"citation_text[0][text]\"]').type(\"Text Message\");\ncy.get('[name=\"citation_text_add_more\"]').click();\ncy.get('[name=\"citation_text[1][citation]\"]').type(\"ABC Citation 123\");\ncy.get('[name=\"op\"]').click();\ncy.get(\".messages-list__item\").should(\"be.visible\");",
              "err": {},
              "uuid": "ec405c30-ee31-4967-b267-31d5f95da5c3",
              "parentUUID": "b3de42a9-696f-46a5-9f19-2b8a97657a29",
              "isHook": false,
              "skipped": false
            },
            {
              "title": "TC_02- Edit Accrediting Agency",
              "fullTitle": "Accrediting Agency TC_02- Edit Accrediting Agency",
              "timedOut": null,
              "duration": 26160,
              "state": "passed",
              "speed": "slow",
              "pass": true,
              "fail": false,
              "pending": false,
              "context": null,
              "code": "goToAccreditingAgency();\ncy.get('[name=\"title\"]').type(\"Acer\" + acerName);\ncy.get(\"#edit-actions\").click();\ncy.get(\":nth-child(1) > .views-field-operations > .dropbutton-wrapper > .dropbutton-widget > .dropbutton > .edit > a\").click();\ncy.get('[name=\"citation_text[0][citation]\"]').clear().type(\"XYZ Citation Edited\");\ncy.get('[name=\"citation_text_1_remove_button\"]').click();\ncy.get('[name=\"op\"]').click();",
              "err": {},
              "uuid": "a10c6609-ab2c-4eb6-bc20-93e7636052ab",
              "parentUUID": "b3de42a9-696f-46a5-9f19-2b8a97657a29",
              "isHook": false,
              "skipped": false
            },
            {
              "title": "TC_03 - Export Accrediting Agency",
              "fullTitle": "Accrediting Agency TC_03 - Export Accrediting Agency",
              "timedOut": null,
              "duration": 22969,
              "state": "passed",
              "speed": "slow",
              "pass": true,
              "fail": false,
              "pending": false,
              "context": null,
              "code": "goToAccreditingAgency();\ncy.get(\"#edit-export-actions\").select(\"Acer\" + acerName);\ncy.get(\"#edit-export-submit\").click();",
              "err": {},
              "uuid": "9740b414-2b18-4be4-b752-974ccf8e90be",
              "parentUUID": "b3de42a9-696f-46a5-9f19-2b8a97657a29",
              "isHook": false,
              "skipped": false
            },
            {
              "title": "TC_04 - Import previously exported CSV",
              "fullTitle": "Accrediting Agency TC_04 - Import previously exported CSV",
              "timedOut": null,
              "duration": 22154,
              "state": "passed",
              "speed": "slow",
              "pass": true,
              "fail": false,
              "pending": false,
              "context": null,
              "code": "goToAccreditingAgency();\ncy.get(\":nth-child(2) > .button\").click();\nconst filePath = `cypress/downloads/Acer${acerName}.csv`;\ncy.get('[name=\"files[csv_file]\"]').selectFile(filePath);\ncy.get(\"#edit-submit\").click();",
              "err": {},
              "uuid": "849e4475-8b91-4e24-b5f8-a876b4ca0f19",
              "parentUUID": "b3de42a9-696f-46a5-9f19-2b8a97657a29",
              "isHook": false,
              "skipped": false
            },
            {
              "title": "TC_05- Delete Accrediting Agency",
              "fullTitle": "Accrediting Agency TC_05- Delete Accrediting Agency",
              "timedOut": null,
              "duration": 24171,
              "state": "passed",
              "speed": "slow",
              "pass": true,
              "fail": false,
              "pending": false,
              "context": null,
              "code": "goToAccreditingAgency();\ncy.get('[name=\"title\"]').type(\"Acer\" + acerName);\ncy.get(\"#edit-actions\").click();\ncy.get(\".edit > a\").click();\ncy.get(\"#edit-delete\").click();\ncy.get(\".ui-dialog-buttonset > .button--primary\").click();\ncy.get(\".messages-list__item\").should(\"be.visible\");",
              "err": {},
              "uuid": "db6be6b6-e29f-4b32-9b98-22319247ad27",
              "parentUUID": "b3de42a9-696f-46a5-9f19-2b8a97657a29",
              "isHook": false,
              "skipped": false
            }
          ],
          "suites": [],
          "passes": [
            "ec405c30-ee31-4967-b267-31d5f95da5c3",
            "a10c6609-ab2c-4eb6-bc20-93e7636052ab",
            "9740b414-2b18-4be4-b752-974ccf8e90be",
            "849e4475-8b91-4e24-b5f8-a876b4ca0f19",
            "db6be6b6-e29f-4b32-9b98-22319247ad27"
          ],
          "failures": [],
          "pending": [],
          "skipped": [],
          "duration": 144357,
          "root": false,
          "rootEmpty": false,
          "_timeout": 2000
        }
      ],
      "passes": [],
      "failures": [],
      "pending": [],
      "skipped": [],
      "duration": 0,
      "root": true,
      "rootEmpty": true,
      "_timeout": 2000
    }
  ],
  "meta": {
    "mocha": {
      "version": "7.2.0"
    },
    "mochawesome": {
      "options": {
        "quiet": false,
        "reportFilename": "mochawesome",
        "saveHtml": false,
        "saveJson": true,
        "consoleReporter": "spec",
        "useInlineDiffs": false,
        "code": true
      },
      "version": "7.1.4"
    },
    "marge": {
      "options": {
        "reportDir": "cypress/reports/mochawesome",
        "overwrite": false,
        "html": false,
        "json": true
      },
      "version": "6.3.0"
    }
  }
}