{
  "stats": {
    "suites": 1,
    "tests": 15,
    "passes": 14,
    "pending": 0,
    "failures": 1,
    "start": "2025-09-16T06:20:32.311Z",
    "end": "2025-09-16T06:29:30.352Z",
    "duration": 538041,
    "testsRegistered": 15,
    "passPercent": 93.33333333333333,
    "pendingPercent": 0,
    "other": 0,
    "hasOther": false,
    "skipped": 0,
    "hasSkipped": false
  },
  "results": [
    {
      "uuid": "13f54b57-b5bd-49cd-9094-a7ad27da8792",
      "title": "",
      "fullFile": "cypress\\e2e\\product.cy.js",
      "file": "cypress\\e2e\\product.cy.js",
      "beforeHooks": [],
      "afterHooks": [],
      "tests": [],
      "suites": [
        {
          "uuid": "4454f379-dd90-40d3-a838-26e053476a7e",
          "title": "Product Management",
          "fullFile": "",
          "file": "",
          "beforeHooks": [],
          "afterHooks": [],
          "tests": [
            {
              "title": "TC_01 - Create Product Requried Field (Assay Panel)",
              "fullTitle": "Product Management TC_01 - Create Product Requried Field (Assay Panel)",
              "timedOut": null,
              "duration": 55423,
              "state": "passed",
              "speed": "slow",
              "pass": true,
              "fail": false,
              "pending": false,
              "context": null,
              "code": "cy.get(\":nth-child(1) > .button\").click();\ncy.get(\":nth-child(1) > .admin-item__title > .admin-item__link\").click();\nfillProductForm(productName, productManufacturer, deviceType, testType, analytes);\ncy.get('[name=\"field_instrument[0][target_id]\"]').type(\"Prabal Instrument System Test\");\ncy.contains(\".ui-menu-item\", \"Prabal Instrument System Test\").click();\ncy.get(\"#edit-actions-submit\").click();\ncy.location(\"pathname\").should(\"eq\", \"/admin/commerce/products\");",
              "err": {},
              "uuid": "fc5af41b-8952-4ebd-a841-d8454bd47d19",
              "parentUUID": "4454f379-dd90-40d3-a838-26e053476a7e",
              "isHook": false,
              "skipped": false
            },
            {
              "title": "TC_02 - Edit Product",
              "fullTitle": "Product Management TC_02 - Edit Product",
              "timedOut": null,
              "duration": 21992,
              "state": "passed",
              "speed": "slow",
              "pass": true,
              "fail": false,
              "pending": false,
              "context": null,
              "code": "cy.get(\"#edit-title\").clear().type(productName);\ncy.get(\"#edit-submit-commerce-products\").click();\ncy.get(`a[aria-label*=\"Edit ${productName}\"]`).click();\nfillProductForm(editedProductName, `${productManufacturer} Edited`, `${deviceType} Edited`, `${testType} Edited`, `${analytes} Edited`);\ncy.get(\"#edit-actions-submit\").click();\ncy.contains(editedProductName).should(\"be.visible\");",
              "err": {},
              "uuid": "186fdc87-85b8-4df0-89ab-936edbfbefb2",
              "parentUUID": "4454f379-dd90-40d3-a838-26e053476a7e",
              "isHook": false,
              "skipped": false
            },
            {
              "title": "TC_03 - Delete Product",
              "fullTitle": "Product Management TC_03 - Delete Product",
              "timedOut": null,
              "duration": 28564,
              "state": "passed",
              "speed": "slow",
              "pass": true,
              "fail": false,
              "pending": false,
              "context": null,
              "code": "cy.get(\"#edit-title\").clear().type(editedProductName);\ncy.get(\"#edit-submit-commerce-products\").click();\ncy.get(`a[aria-label*=\"Edit ${editedProductName}\"]`).click();\ncy.get(\"#edit-actions-delete\").click();\ncy.get(\".ui-dialog-buttonset > .button--primary\").click();\ncy.contains(`The product ${editedProductName} has been deleted.`).should(\"be.visible\");",
              "err": {},
              "uuid": "17420af5-8108-4a68-9748-e8435ede909b",
              "parentUUID": "4454f379-dd90-40d3-a838-26e053476a7e",
              "isHook": false,
              "skipped": false
            },
            {
              "title": "TC_04 - Add Variation",
              "fullTitle": "Product Management TC_04 - Add Variation",
              "timedOut": null,
              "duration": 33310,
              "state": "failed",
              "speed": null,
              "pass": false,
              "fail": true,
              "pending": false,
              "context": null,
              "code": "cy.get(\":nth-child(1) > .button\").click();\ncy.get(\":nth-child(1) > .admin-item__title > .admin-item__link\").click();\nfillProductForm(productName, productManufacturer, deviceType, testType, analytes);\ncy.get('[name=\"field_instrument[0][target_id]\"]').type(\"Prabal Instrument System Test\");\ncy.contains(\".ui-menu-item\", \"Prabal Instrument System Test\").click();\ncy.get('[name=\"field_assays[0][target_id]\"]').type(\"ABC\");\ncy.get(\"#edit-actions-submit-continue\").click();\naddVariation(`Variation ${productNum}`, `SKU-${productNum}`);",
              "err": {
                "message": "AssertionError: Timed out retrying after 4000ms: Expected to find content: 'Prabal Instrument System Test' within the selector: '.ui-menu-item' but never did.",
                "estack": "AssertionError: Timed out retrying after 4000ms: Expected to find content: 'Prabal Instrument System Test' within the selector: '.ui-menu-item' but never did.\n    at Context.eval (webpack://redev/./cypress/e2e/product.cy.js:106:7)",
                "diff": null
              },
              "uuid": "328d2ce5-b2bb-4ec4-9a7f-ae2d94a4adf8",
              "parentUUID": "4454f379-dd90-40d3-a838-26e053476a7e",
              "isHook": false,
              "skipped": false
            },
            {
              "title": "TC_05 - Create Product ALL Field (Assay Panel)",
              "fullTitle": "Product Management TC_05 - Create Product ALL Field (Assay Panel)",
              "timedOut": null,
              "duration": 36313,
              "state": "passed",
              "speed": "slow",
              "pass": true,
              "fail": false,
              "pending": false,
              "context": null,
              "code": "cy.get(\":nth-child(1) > .button\").click();\ncy.get(\":nth-child(1) > .admin-item__title > .admin-item__link\").click();\nfillProductForm(productName + \" All\", productManufacturer + \"All\", deviceType, testType, analytes);\ncy.get(\"#edit-field-is-demo-0-value\").type(\"Yes\");\ncy.get(\"#edit-field-part-0-value\").type(\"12345\");\ncy.get(\"#edit-field-version-0-value\").type(\"1.0\");\ncy.get(\"#edit-field-sort-0-value\").type(\"10\");\ncy.get(\"#edit-field-matrix-id-0-value\").type(\"Matrix ID\");\ncy.get('[name=\"field_reagent[0][value]\"]').type(\"Reagent\");\ncy.get('[name=\"field_cartidge[0][value]\"]').type(\"Cartidge\");\ncy.get('[name=\"field_cartidge[0][value]\"]').type(\"Cartidge\");\ncy.get('[name=\"field_instrument_large[0][value]\"]').type(\"Instrument Large\");\ncy.get('[name=\"field_instrument_small[0][value]\"]').type(\"Instrument Small\");\ncy.get('[name=\"field_consumable_large[0][value]\"]').type(\"Consumable Large\");\ncy.get('[name=\"field_consumable_port_l[0][value]\"]').type(\"Consumable Port L\");\ncy.get('[name=\"field_sample_probe[0][value]\"]').type(\"Sample Probe\");\ncy.get('[name=\"field_lqc[0][value]\"]').type(\"LQC\");\ncy.get('[name=\"field_lqc[0][value]\"]').type(\"LQC1\");\ncy.get('[name=\"field_lqc[0][value]\"]').type(\"LQC2\");\ncy.get('[name=\"field_lqc[0][value]\"]').type(\"LQC3\");\ncy.get('[name=\"field_lqc[0][value]\"]').type(\"LQC4\");\ncy.get('[name=\"field_lqc[0][value]\"]').type(\"LQC5\");\ncy.get('[name=\"field_lqc[0][value]\"]').type(\"LQC6\");\ncy.get('[name=\"field_instrument[0][target_id]\"]').type(\"Prabal Instrument System Test\");\ncy.contains(\".ui-menu-item\", \"Prabal Instrument System Test\").click();\ncy.get(\"#edit-actions-submit\").click();\ncy.location(\"pathname\").should(\"eq\", \"/admin/commerce/products\");",
              "err": {},
              "uuid": "be3ad0fc-0021-4021-8b30-ce5f16c882c6",
              "parentUUID": "4454f379-dd90-40d3-a838-26e053476a7e",
              "isHook": false,
              "skipped": false
            },
            {
              "title": "TC_06 - Create Product Requried Field (Instrument)",
              "fullTitle": "Product Management TC_06 - Create Product Requried Field (Instrument)",
              "timedOut": null,
              "duration": 31325,
              "state": "passed",
              "speed": "slow",
              "pass": true,
              "fail": false,
              "pending": false,
              "context": null,
              "code": "cy.get(\":nth-child(1) > .button\").click();\ncy.get(\":nth-child(4) > .admin-item__title > .admin-item__link\").click();\nfillProductForm(productName + \" Ins\", productManufacturer + \" Ins\", deviceType, testType, analytes);\ncy.get(\"#edit-actions-submit\").click();\ncy.location(\"pathname\").should(\"eq\", \"/admin/commerce/products\");",
              "err": {},
              "uuid": "1472c43d-da1e-41da-8633-9b130a97076d",
              "parentUUID": "4454f379-dd90-40d3-a838-26e053476a7e",
              "isHook": false,
              "skipped": false
            },
            {
              "title": "TC_07 - Add Variation to Existing Product (Instrument)",
              "fullTitle": "Product Management TC_07 - Add Variation to Existing Product (Instrument)",
              "timedOut": null,
              "duration": 32287,
              "state": "passed",
              "speed": "slow",
              "pass": true,
              "fail": false,
              "pending": false,
              "context": null,
              "code": "searchAndEdit(productName + \" Ins\");\ncy.get(\".js-active-tab > .tabs__link\").click();\ncy.get('[data-original-order=\"2\"] > .tabs__link').click();\naddVariation(`Instrument VAR ${productNum}`, `SKU-INS${productNum}`);",
              "err": {},
              "uuid": "ce9b4adf-5494-4e59-aa76-554a23a665c1",
              "parentUUID": "4454f379-dd90-40d3-a838-26e053476a7e",
              "isHook": false,
              "skipped": false
            },
            {
              "title": "TC_08 - Delete Product (Instrument)",
              "fullTitle": "Product Management TC_08 - Delete Product (Instrument)",
              "timedOut": null,
              "duration": 31873,
              "state": "passed",
              "speed": "slow",
              "pass": true,
              "fail": false,
              "pending": false,
              "context": null,
              "code": "searchAndEdit(productName + \" Ins\");\ncy.get(\"#edit-actions-delete\").click();\ncy.get(\".ui-dialog-buttonset > .button--primary\").click();",
              "err": {},
              "uuid": "48d66504-a71d-4c40-a939-58937eba7ce0",
              "parentUUID": "4454f379-dd90-40d3-a838-26e053476a7e",
              "isHook": false,
              "skipped": false
            },
            {
              "title": "TC_09 - Create Product (Instrument Variation)",
              "fullTitle": "Product Management TC_09 - Create Product (Instrument Variation)",
              "timedOut": null,
              "duration": 35931,
              "state": "passed",
              "speed": "slow",
              "pass": true,
              "fail": false,
              "pending": false,
              "context": null,
              "code": "cy.get(\":nth-child(1) > .button\").click();\ncy.get(\":nth-child(4) > .admin-item__title > .admin-item__link\").click();\nfillProductForm(productName + \"VAR-Ins\", productManufacturer + \" Ins\", deviceType, testType, analytes);\ncy.get(\"#edit-actions-submit-continue\").click();\naddVariation(`Instrument ${productNum}`, `SKU-INS-${productNum}`);\ncy.location(\"pathname\").should(\"contain\", \"/product/\");",
              "err": {},
              "uuid": "49b56c9a-5bda-4ee8-9aa3-01f818c022d0",
              "parentUUID": "4454f379-dd90-40d3-a838-26e053476a7e",
              "isHook": false,
              "skipped": false
            },
            {
              "title": "TC_10 - Create Product All Field (Instrument)",
              "fullTitle": "Product Management TC_10 - Create Product All Field (Instrument)",
              "timedOut": null,
              "duration": 48458,
              "state": "passed",
              "speed": "slow",
              "pass": true,
              "fail": false,
              "pending": false,
              "context": null,
              "code": "cy.get(\":nth-child(1) > .button\").click();\ncy.get(\":nth-child(4) > .admin-item__title > .admin-item__link\").click();\nfillProductForm(productName + \" Ins All\", productManufacturer + \" Ins All\", deviceType, testType, analytes);\ncy.get(\"#edit-field-is-demo-0-value\").type(\"Yes\");\ncy.get(\"#edit-field-part-0-value\").type(\"12345\");\ncy.get(\"#edit-field-version-0-value\").type(\"1.0\");\ncy.get(\"#edit-field-sort-0-value\").type(\"10\");\ncy.get(\"#edit-field-matrix-id-0-value\").type(\"Matrix ID\");\ncy.get('[name=\"field_reagent[0][value]\"]').type(\"Reagent\");\ncy.get('[name=\"field_cartidge[0][value]\"]').type(\"Cartidge\");\ncy.get('[name=\"field_cartidge[0][value]\"]').type(\"Cartidge\");\ncy.get('[name=\"field_instrument_large[0][value]\"]').type(\"Instrument Large\");\ncy.get('[name=\"field_instrument_small[0][value]\"]').type(\"Instrument Small\");\ncy.get('[name=\"field_consumable_large[0][value]\"]').type(\"Consumable Large\");\ncy.get('[name=\"field_consumable_port_l[0][value]\"]').type(\"Consumable Port L\");\ncy.get('[name=\"field_sample_probe[0][value]\"]').type(\"Sample Probe\");\ncy.get('[name=\"field_lqc[0][value]\"]').type(\"LQC\");\ncy.get(\"#edit-actions-submit\").click();\ncy.location(\"pathname\").should(\"eq\", \"/admin/commerce/products\");",
              "err": {},
              "uuid": "781dff7a-a5d9-4bb1-8d0f-e4676b308ef9",
              "parentUUID": "4454f379-dd90-40d3-a838-26e053476a7e",
              "isHook": false,
              "skipped": false
            },
            {
              "title": "TC_11 - Create Product (PRO-QCP)",
              "fullTitle": "Product Management TC_11 - Create Product (PRO-QCP)",
              "timedOut": null,
              "duration": 35561,
              "state": "passed",
              "speed": "slow",
              "pass": true,
              "fail": false,
              "pending": false,
              "context": null,
              "code": "cy.get(\":nth-child(1) > .button\").click();\ncy.get(\":nth-child(2) > .admin-item__title > .admin-item__link\").click();\nfillProductForm(productName + \" QCP\", productManufacturer + \" QCP\", deviceType, testType, analytes);\ncy.get(\"#edit-actions-submit\").click();\ncy.location(\"pathname\").should(\"eq\", \"/admin/commerce/products\");",
              "err": {},
              "uuid": "dbb0f200-da27-47c4-a0b8-ee195528b802",
              "parentUUID": "4454f379-dd90-40d3-a838-26e053476a7e",
              "isHook": false,
              "skipped": false
            },
            {
              "title": "TC_12 - Add Variation to Existing Product (PRO-QCP)",
              "fullTitle": "Product Management TC_12 - Add Variation to Existing Product (PRO-QCP)",
              "timedOut": null,
              "duration": 27487,
              "state": "passed",
              "speed": "slow",
              "pass": true,
              "fail": false,
              "pending": false,
              "context": null,
              "code": "searchAndEdit(productName + \" QCP\");\ncy.get(\".js-active-tab > .tabs__link\").click();\ncy.get('[data-original-order=\"2\"] > .tabs__link').click();\naddVariation(`QCP VAR ${productNum}`, `SKU-QCP${productNum}`);",
              "err": {},
              "uuid": "d8a0cf42-c7e5-497d-b6ab-dc6c7e1044ac",
              "parentUUID": "4454f379-dd90-40d3-a838-26e053476a7e",
              "isHook": false,
              "skipped": false
            },
            {
              "title": "TC_13 - Delete Product (QCP)",
              "fullTitle": "Product Management TC_13 - Delete Product (QCP)",
              "timedOut": null,
              "duration": 31095,
              "state": "passed",
              "speed": "slow",
              "pass": true,
              "fail": false,
              "pending": false,
              "context": null,
              "code": "searchAndEdit(productName + \" QCP\");\ncy.get(\"#edit-actions-delete\").click();\ncy.get(\".ui-dialog-buttonset > .button--primary\").click();",
              "err": {},
              "uuid": "18705f66-03ee-4e27-bd81-ea2b5bd497e0",
              "parentUUID": "4454f379-dd90-40d3-a838-26e053476a7e",
              "isHook": false,
              "skipped": false
            },
            {
              "title": "TC_14 - Create Product (QCP Variation)",
              "fullTitle": "Product Management TC_14 - Create Product (QCP Variation)",
              "timedOut": null,
              "duration": 37744,
              "state": "passed",
              "speed": "slow",
              "pass": true,
              "fail": false,
              "pending": false,
              "context": null,
              "code": "cy.get(\":nth-child(1) > .button\").click();\ncy.get(\":nth-child(2) > .admin-item__title > .admin-item__link\").click();\nfillProductForm(productName + \" QCP VAR\", productManufacturer + \" QCP VAR\", deviceType, testType, analytes);\ncy.get(\"#edit-actions-submit-continue\").click();\naddVariation(`QCP ${productNum}`, `SKU-QCP-${productNum}`);",
              "err": {},
              "uuid": "cbe9de2d-2ab2-4004-a43a-80d9c1c0144e",
              "parentUUID": "4454f379-dd90-40d3-a838-26e053476a7e",
              "isHook": false,
              "skipped": false
            },
            {
              "title": "TC_15 - Create Product All Field (PRO-QCP)",
              "fullTitle": "Product Management TC_15 - Create Product All Field (PRO-QCP)",
              "timedOut": null,
              "duration": 49681,
              "state": "passed",
              "speed": "slow",
              "pass": true,
              "fail": false,
              "pending": false,
              "context": null,
              "code": "cy.get(\":nth-child(1) > .button\").click();\ncy.get(\":nth-child(2) > .admin-item__title > .admin-item__link\").click();\nfillProductForm(productName + \" QCP All\", productManufacturer + \" QCP All\", deviceType, testType, analytes);\ncy.get(\"#edit-field-is-demo-0-value\").type(\"Yes\");\ncy.get(\"#edit-field-part-0-value\").type(\"12345\");\ncy.get(\"#edit-field-version-0-value\").type(\"1.0\");\ncy.get(\"#edit-field-sort-0-value\").type(\"10\");\ncy.get(\"#edit-field-matrix-id-0-value\").type(\"Matrix ID\");\ncy.get('[name=\"field_reagent[0][value]\"]').type(\"Reagent\");\ncy.get('[name=\"field_cartidge[0][value]\"]').type(\"Cartidge\");\ncy.get('[name=\"field_instrument_large[0][value]\"]').type(\"Instrument Large\");\ncy.get('[name=\"field_instrument_small[0][value]\"]').type(\"Instrument Small\");\ncy.get('[name=\"field_consumable_large[0][value]\"]').type(\"Consumable Large\");\ncy.get('[name=\"field_consumable_port_l[0][value]\"]').type(\"Consumable Port L\");\ncy.get('[name=\"field_sample_probe[0][value]\"]').type(\"Sample Probe\");\ncy.get('[name=\"field_lqc[0][value]\"]').type(\"LQC\");\ncy.get(\"#edit-actions-submit\").click();\ncy.location(\"pathname\").should(\"eq\", \"/admin/commerce/products\");",
              "err": {},
              "uuid": "c750906e-2e4f-402d-90bf-2922e3c976d3",
              "parentUUID": "4454f379-dd90-40d3-a838-26e053476a7e",
              "isHook": false,
              "skipped": false
            }
          ],
          "suites": [],
          "passes": [
            "fc5af41b-8952-4ebd-a841-d8454bd47d19",
            "186fdc87-85b8-4df0-89ab-936edbfbefb2",
            "17420af5-8108-4a68-9748-e8435ede909b",
            "be3ad0fc-0021-4021-8b30-ce5f16c882c6",
            "1472c43d-da1e-41da-8633-9b130a97076d",
            "ce9b4adf-5494-4e59-aa76-554a23a665c1",
            "48d66504-a71d-4c40-a939-58937eba7ce0",
            "49b56c9a-5bda-4ee8-9aa3-01f818c022d0",
            "781dff7a-a5d9-4bb1-8d0f-e4676b308ef9",
            "dbb0f200-da27-47c4-a0b8-ee195528b802",
            "d8a0cf42-c7e5-497d-b6ab-dc6c7e1044ac",
            "18705f66-03ee-4e27-bd81-ea2b5bd497e0",
            "cbe9de2d-2ab2-4004-a43a-80d9c1c0144e",
            "c750906e-2e4f-402d-90bf-2922e3c976d3"
          ],
          "failures": [
            "328d2ce5-b2bb-4ec4-9a7f-ae2d94a4adf8"
          ],
          "pending": [],
          "skipped": [],
          "duration": 537044,
          "root": false,
          "rootEmpty": false,
          "_timeout": 2000
        }
      ],
      "passes": [],
      "failures": [],
      "pending": [],
      "skipped": [],
      "duration": 0,
      "root": true,
      "rootEmpty": true,
      "_timeout": 2000
    }
  ],
  "meta": {
    "mocha": {
      "version": "7.2.0"
    },
    "mochawesome": {
      "options": {
        "quiet": false,
        "reportFilename": "mochawesome",
        "saveHtml": false,
        "saveJson": true,
        "consoleReporter": "spec",
        "useInlineDiffs": false,
        "code": true
      },
      "version": "7.1.4"
    },
    "marge": {
      "options": {
        "reportDir": "cypress/reports/mochawesome",
        "overwrite": false,
        "html": false,
        "json": true
      },
      "version": "6.3.0"
    }
  }
}